Using pre-set license
Built from '2020.3/staging' branch; Version is '2020.3.13f1 (71691879b7f5) revision 7432472'; Using compiler version '192528614'; Build Type 'Release'
OS: 'Windows 10 Pro; OS build 19043.1165; Version 2009; 64bit' Language: 'ko' Physical Memory: 32676 MB
BatchMode: 1, IsHumanControllingUs: 0, StartBugReporterOnCrash: 0, Is64bit: 1, IsPro: 0

 COMMAND LINE ARGUMENTS:
E:\Unity\2020.3.13f1\Editor\Unity.exe
-adb2
-batchMode
-noUpm
-name
AssetImportWorker2
-projectPath
C:/UnityProject/MyOwn/3Match
-logFile
Logs/AssetImportWorker2.log
-srvPort
1799
Successfully changed project path to: C:/UnityProject/MyOwn/3Match
C:/UnityProject/MyOwn/3Match
Using Asset Import Pipeline V2.
Refreshing native plugins compatible for Editor in 12.13 ms, found 0 plugins.
Preloading 0 native plugins for Editor in 0.00 ms.
Initialize engine version: 2020.3.13f1 (71691879b7f5)
[Subsystems] Discovering subsystems at path E:/Unity/2020.3.13f1/Editor/Data/Resources/UnitySubsystems
[Subsystems] Discovering subsystems at path C:/UnityProject/MyOwn/3Match/Assets
GfxDevice: creating device client; threaded=0
Direct3D:
    Version:  Direct3D 11.0 [level 11.1]
    Renderer: NVIDIA GeForce GTX 1060 3GB (ID=0x1b84)
    Vendor:   
    VRAM:     2988 MB
    Driver:   27.21.14.5671
Initialize mono
Mono path[0] = 'E:/Unity/2020.3.13f1/Editor/Data/Managed'
Mono path[1] = 'E:/Unity/2020.3.13f1/Editor/Data/MonoBleedingEdge/lib/mono/unityjit'
Mono config path = 'E:/Unity/2020.3.13f1/Editor/Data/MonoBleedingEdge/etc'
Using monoOptions --debugger-agent=transport=dt_socket,embedding=1,server=y,suspend=n,address=127.0.0.1:56420
Begin MonoManager ReloadAssembly
Registering precompiled unity dll's ...
Register platform support module: E:/Unity/2020.3.13f1/Editor/Data/PlaybackEngines/WindowsStandaloneSupport/UnityEditor.WindowsStandalone.Extensions.dll
Registered in 0.000689 seconds.
Native extension for WindowsStandalone target not found
Refreshing native plugins compatible for Editor in 14.25 ms, found 0 plugins.
Preloading 0 native plugins for Editor in 0.00 ms.
Mono: successfully reloaded assembly
- Completed reload, in  1.347 seconds
Platform modules already initialized, skipping
Registering precompiled user dll's ...
Registered in 0.000442 seconds.
Begin MonoManager ReloadAssembly
Native extension for WindowsStandalone target not found
Refreshing native plugins compatible for Editor in 0.13 ms, found 0 plugins.
Preloading 0 native plugins for Editor in 0.00 ms.
Mono: successfully reloaded assembly
- Completed reload, in  2.266 seconds
Platform modules already initialized, skipping
========================================================================
Worker process is ready to serve import requests
Launched and connected shader compiler UnityShaderCompiler.exe after 0.03 seconds
Refreshing native plugins compatible for Editor in 0.12 ms, found 0 plugins.
Preloading 0 native plugins for Editor in 0.00 ms.
Unloading 678 Unused Serialized files (Serialized files now loaded: 0)
System memory in use before: 47.5 MB.
System memory in use after: 47.5 MB.

Unloading 9 unused Assets to reduce memory usage. Loaded Objects now: 1118.
Total: 1.270600 ms (FindLiveObjects: 0.077700 ms CreateObjectMapping: 0.012900 ms MarkObjects: 1.127000 ms  DeleteObjects: 0.052400 ms)

AssetImportParameters requested are different than current active one (requested -> active):
  custom:framework-win-MediaFoundation: 216162199b28c13a410421893ffa2e32 -> 
  custom:video-decoder-ogg-theora: a1e56fd34408186e4bbccfd4996cb3dc -> 
  custom:container-muxer-webm: aa71ff27fc2769a1b78a27578f13a17b -> 
  custom:container-demuxer-webm: 4f35f7cbe854078d1ac9338744f61a02 -> 
  custom:container-demuxer-ogg: 62fdf1f143b41e24485cea50d1cbac27 -> 
  custom:video-encoder-webm-vp8: eb34c28f22e8b96e1ab97ce403110664 -> 
  custom:video-decoder-webm-vp8: 9c59270c3fd7afecdb556c50c9e8de78 -> 
  custom:audio-decoder-ogg-vorbis: bf7c407c2cedff20999df2af8eb42d56 -> 
  custom:audio-encoder-webm-vorbis: bf7c407c2cedff20999df2af8eb42d56 -> 
========================================================================
Received Import Request.
  path: Assets/Images/effect.png
  artifactKey: Guid(44b07e5e6543351488f3cdcd38043f57) Importer(815301076,1909f56bfc062723c751e8b465ee728b)
Start importing Assets/Images/effect.png using Guid(44b07e5e6543351488f3cdcd38043f57) Importer(815301076,1909f56bfc062723c751e8b465ee728b)  -> (artifact id: '1d481a42ba90d2cfb5598d49163d06d6') in 0.085306 seconds 
  Import took 0.086352 seconds .

========================================================================
Received Import Request.
  Time since last request: 0.000689 seconds.
  path: Assets/Images/effect.png
  artifactKey: Guid(44b07e5e6543351488f3cdcd38043f57) Importer(815301076,1909f56bfc062723c751e8b465ee728b)
Start importing Assets/Images/effect.png using Guid(44b07e5e6543351488f3cdcd38043f57) Importer(815301076,1909f56bfc062723c751e8b465ee728b)  -> (artifact id: '1d481a42ba90d2cfb5598d49163d06d6') in 0.009755 seconds 
  Import took 0.010532 seconds .

========================================================================
Received Import Request.
  Time since last request: 22.810832 seconds.
  path: Assets/Resources/Animal.prefab
  artifactKey: Guid(c093951eb7fb8944d8d05bb6fb8f59bd) Importer(815301076,1909f56bfc062723c751e8b465ee728b)
Start importing Assets/Resources/Animal.prefab using Guid(c093951eb7fb8944d8d05bb6fb8f59bd) Importer(815301076,1909f56bfc062723c751e8b465ee728b)  -> (artifact id: 'df75a4a1870bdd9fb52c24d060fc7d60') in 0.026809 seconds 
  Import took 0.027996 seconds .

========================================================================
Received Import Request.
  Time since last request: 5.815835 seconds.
  path: Assets/Resources/TouchEffect.prefab
  artifactKey: Guid(80e279717f96a79428b0374550d98a9b) Importer(815301076,1909f56bfc062723c751e8b465ee728b)
Start importing Assets/Resources/TouchEffect.prefab using Guid(80e279717f96a79428b0374550d98a9b) Importer(815301076,1909f56bfc062723c751e8b465ee728b)  -> (artifact id: '590a009f77c58e5b8bd62be11e545a5d') in 0.006984 seconds 
  Import took 0.008109 seconds .

========================================================================
Received Import Request.
  Time since last request: 0.003159 seconds.
  path: Assets/Resources/TouchEffect.prefab
  artifactKey: Guid(80e279717f96a79428b0374550d98a9b) Importer(815301076,1909f56bfc062723c751e8b465ee728b)
Start importing Assets/Resources/TouchEffect.prefab using Guid(80e279717f96a79428b0374550d98a9b) Importer(815301076,1909f56bfc062723c751e8b465ee728b)  -> (artifact id: '590a009f77c58e5b8bd62be11e545a5d') in 0.006188 seconds 
  Import took 0.007124 seconds .

========================================================================
Received Prepare
Registering precompiled user dll's ...
Registered in 0.000387 seconds.
Begin MonoManager ReloadAssembly
Native extension for WindowsStandalone target not found
Refreshing native plugins compatible for Editor in 0.13 ms, found 0 plugins.
Preloading 0 native plugins for Editor in 0.00 ms.
Mono: successfully reloaded assembly
- Completed reload, in  0.495 seconds
Platform modules already initialized, skipping
Refreshing native plugins compatible for Editor in 0.11 ms, found 0 plugins.
Preloading 0 native plugins for Editor in 0.00 ms.
Unloading 674 Unused Serialized files (Serialized files now loaded: 0)
System memory in use before: 50.6 MB.
System memory in use after: 50.7 MB.

Unloading 5 unused Assets to reduce memory usage. Loaded Objects now: 1134.
Total: 1.180700 ms (FindLiveObjects: 0.073300 ms CreateObjectMapping: 0.015000 ms MarkObjects: 1.063400 ms  DeleteObjects: 0.028400 ms)

AssetImportParameters requested are different than current active one (requested -> active):
  custom:framework-win-MediaFoundation: 216162199b28c13a410421893ffa2e32 -> 
  custom:video-decoder-ogg-theora: a1e56fd34408186e4bbccfd4996cb3dc -> 
  custom:container-muxer-webm: aa71ff27fc2769a1b78a27578f13a17b -> 
  custom:container-demuxer-webm: 4f35f7cbe854078d1ac9338744f61a02 -> 
  custom:container-demuxer-ogg: 62fdf1f143b41e24485cea50d1cbac27 -> 
  custom:video-encoder-webm-vp8: eb34c28f22e8b96e1ab97ce403110664 -> 
  custom:video-decoder-webm-vp8: 9c59270c3fd7afecdb556c50c9e8de78 -> 
  custom:audio-decoder-ogg-vorbis: bf7c407c2cedff20999df2af8eb42d56 -> 
  custom:audio-encoder-webm-vorbis: bf7c407c2cedff20999df2af8eb42d56 -> 
========================================================================
Received Import Request.
  Time since last request: 15.888112 seconds.
  path: Assets/Resources/TouchEffect.prefab
  artifactKey: Guid(80e279717f96a79428b0374550d98a9b) Importer(815301076,1909f56bfc062723c751e8b465ee728b)
Start importing Assets/Resources/TouchEffect.prefab using Guid(80e279717f96a79428b0374550d98a9b) Importer(815301076,1909f56bfc062723c751e8b465ee728b)  -> (artifact id: '7be9e10e4c406688561d251c647621fe') in 0.042514 seconds 
  Import took 0.043680 seconds .

========================================================================
Received Prepare
Registering precompiled user dll's ...
Registered in 0.000440 seconds.
Begin MonoManager ReloadAssembly
Native extension for WindowsStandalone target not found
Refreshing native plugins compatible for Editor in 0.13 ms, found 0 plugins.
Preloading 0 native plugins for Editor in 0.00 ms.
Mono: successfully reloaded assembly
- Completed reload, in  0.493 seconds
Platform modules already initialized, skipping
Refreshing native plugins compatible for Editor in 0.11 ms, found 0 plugins.
Preloading 0 native plugins for Editor in 0.00 ms.
Unloading 674 Unused Serialized files (Serialized files now loaded: 0)
System memory in use before: 50.6 MB.
System memory in use after: 50.6 MB.

Unloading 5 unused Assets to reduce memory usage. Loaded Objects now: 1137.
Total: 1.156300 ms (FindLiveObjects: 0.065700 ms CreateObjectMapping: 0.015500 ms MarkObjects: 1.044800 ms  DeleteObjects: 0.029700 ms)

AssetImportParameters requested are different than current active one (requested -> active):
  custom:framework-win-MediaFoundation: 216162199b28c13a410421893ffa2e32 -> 
  custom:video-decoder-ogg-theora: a1e56fd34408186e4bbccfd4996cb3dc -> 
  custom:container-muxer-webm: aa71ff27fc2769a1b78a27578f13a17b -> 
  custom:container-demuxer-webm: 4f35f7cbe854078d1ac9338744f61a02 -> 
  custom:container-demuxer-ogg: 62fdf1f143b41e24485cea50d1cbac27 -> 
  custom:video-encoder-webm-vp8: eb34c28f22e8b96e1ab97ce403110664 -> 
  custom:video-decoder-webm-vp8: 9c59270c3fd7afecdb556c50c9e8de78 -> 
  custom:audio-decoder-ogg-vorbis: bf7c407c2cedff20999df2af8eb42d56 -> 
  custom:audio-encoder-webm-vorbis: bf7c407c2cedff20999df2af8eb42d56 -> 
========================================================================
Received Prepare
Registering precompiled user dll's ...
Registered in 0.000419 seconds.
Begin MonoManager ReloadAssembly
Native extension for WindowsStandalone target not found
Refreshing native plugins compatible for Editor in 0.13 ms, found 0 plugins.
Preloading 0 native plugins for Editor in 0.00 ms.
Mono: successfully reloaded assembly
- Completed reload, in  0.482 seconds
Platform modules already initialized, skipping
Refreshing native plugins compatible for Editor in 0.11 ms, found 0 plugins.
Preloading 0 native plugins for Editor in 0.00 ms.
Unloading 674 Unused Serialized files (Serialized files now loaded: 0)
System memory in use before: 50.6 MB.
System memory in use after: 50.7 MB.

Unloading 5 unused Assets to reduce memory usage. Loaded Objects now: 1139.
Total: 1.258600 ms (FindLiveObjects: 0.076800 ms CreateObjectMapping: 0.016400 ms MarkObjects: 1.131100 ms  DeleteObjects: 0.033700 ms)

AssetImportParameters requested are different than current active one (requested -> active):
  custom:framework-win-MediaFoundation: 216162199b28c13a410421893ffa2e32 -> 
  custom:video-decoder-ogg-theora: a1e56fd34408186e4bbccfd4996cb3dc -> 
  custom:container-muxer-webm: aa71ff27fc2769a1b78a27578f13a17b -> 
  custom:container-demuxer-webm: 4f35f7cbe854078d1ac9338744f61a02 -> 
  custom:container-demuxer-ogg: 62fdf1f143b41e24485cea50d1cbac27 -> 
  custom:video-encoder-webm-vp8: eb34c28f22e8b96e1ab97ce403110664 -> 
  custom:video-decoder-webm-vp8: 9c59270c3fd7afecdb556c50c9e8de78 -> 
  custom:audio-decoder-ogg-vorbis: bf7c407c2cedff20999df2af8eb42d56 -> 
  custom:audio-encoder-webm-vorbis: bf7c407c2cedff20999df2af8eb42d56 -> 
========================================================================
Received Import Request.
  Time since last request: 31.888835 seconds.
  path: Assets/Images/effect_0.controller
  artifactKey: Guid(7b5be0bdc1699d8468ea5c4060dd41c3) Importer(815301076,1909f56bfc062723c751e8b465ee728b)
Start importing Assets/Images/effect_0.controller using Guid(7b5be0bdc1699d8468ea5c4060dd41c3) Importer(815301076,1909f56bfc062723c751e8b465ee728b)  -> (artifact id: '9fd7a1d8248990917bd76e80bd8e8c6b') in 0.009944 seconds 
  Import took 0.011076 seconds .

========================================================================
Received Import Request.
  Time since last request: 3.096039 seconds.
  path: Assets/Animation/TouchEffect.anim
  artifactKey: Guid(3f01458f9441bcb4f982bc857912d2a2) Importer(815301076,1909f56bfc062723c751e8b465ee728b)
Start importing Assets/Animation/TouchEffect.anim using Guid(3f01458f9441bcb4f982bc857912d2a2) Importer(815301076,1909f56bfc062723c751e8b465ee728b)  -> (artifact id: '1cb6b6716e16b1704127d09d862ebb22') in 0.003499 seconds 
  Import took 0.004527 seconds .

========================================================================
Received Import Request.
  Time since last request: 0.004897 seconds.
  path: Assets/Animation/TouchEffect.anim
  artifactKey: Guid(3f01458f9441bcb4f982bc857912d2a2) Importer(815301076,1909f56bfc062723c751e8b465ee728b)
Start importing Assets/Animation/TouchEffect.anim using Guid(3f01458f9441bcb4f982bc857912d2a2) Importer(815301076,1909f56bfc062723c751e8b465ee728b)  -> (artifact id: '1cb6b6716e16b1704127d09d862ebb22') in 0.002093 seconds 
  Import took 0.003092 seconds .

========================================================================
Received Import Request.
  Time since last request: 2.152374 seconds.
  path: Assets/Animation/TouchEffect.controller
  artifactKey: Guid(7b5be0bdc1699d8468ea5c4060dd41c3) Importer(815301076,1909f56bfc062723c751e8b465ee728b)
Start importing Assets/Animation/TouchEffect.controller using Guid(7b5be0bdc1699d8468ea5c4060dd41c3) Importer(815301076,1909f56bfc062723c751e8b465ee728b)  -> (artifact id: '36d0dd5c9419b5cb15f3e574f2fb90a6') in 0.002317 seconds 
  Import took 0.003339 seconds .

========================================================================
Received Prepare
Registering precompiled user dll's ...
Registered in 0.000352 seconds.
Begin MonoManager ReloadAssembly
Native extension for WindowsStandalone target not found
Refreshing native plugins compatible for Editor in 0.13 ms, found 0 plugins.
Preloading 0 native plugins for Editor in 0.00 ms.
Mono: successfully reloaded assembly
- Completed reload, in  0.500 seconds
Platform modules already initialized, skipping
Refreshing native plugins compatible for Editor in 0.10 ms, found 0 plugins.
Preloading 0 native plugins for Editor in 0.00 ms.
Unloading 674 Unused Serialized files (Serialized files now loaded: 0)
System memory in use before: 50.7 MB.
System memory in use after: 50.7 MB.

Unloading 5 unused Assets to reduce memory usage. Loaded Objects now: 1141.
Total: 1.234000 ms (FindLiveObjects: 0.062900 ms CreateObjectMapping: 0.014800 ms MarkObjects: 1.126500 ms  DeleteObjects: 0.028800 ms)

AssetImportParameters requested are different than current active one (requested -> active):
  custom:framework-win-MediaFoundation: 216162199b28c13a410421893ffa2e32 -> 
  custom:video-decoder-ogg-theora: a1e56fd34408186e4bbccfd4996cb3dc -> 
  custom:container-muxer-webm: aa71ff27fc2769a1b78a27578f13a17b -> 
  custom:container-demuxer-webm: 4f35f7cbe854078d1ac9338744f61a02 -> 
  custom:container-demuxer-ogg: 62fdf1f143b41e24485cea50d1cbac27 -> 
  custom:video-encoder-webm-vp8: eb34c28f22e8b96e1ab97ce403110664 -> 
  custom:video-decoder-webm-vp8: 9c59270c3fd7afecdb556c50c9e8de78 -> 
  custom:audio-decoder-ogg-vorbis: bf7c407c2cedff20999df2af8eb42d56 -> 
  custom:audio-encoder-webm-vorbis: bf7c407c2cedff20999df2af8eb42d56 -> 
